<?xml version="1.0" encoding="UTF-8"?>
<testng-results ignored="0" total="1" passed="1" failed="0" skipped="0">
  <reporter-output>
  </reporter-output>
  <suite started-at="2022-11-28T09:46:06 IST" name="Default suite" finished-at="2022-11-28T09:46:18 IST" duration-ms="12047">
    <groups>
    </groups>
    <test started-at="2022-11-28T09:46:06 IST" name="Default test" finished-at="2022-11-28T09:46:18 IST" duration-ms="12047">
      <class name="functions.checking">
        <test-method signature="check()[pri:0, instance:functions.checking@4229bb3f]" started-at="2022-11-28T09:46:06 IST" name="check" finished-at="2022-11-28T09:46:18 IST" duration-ms="11980" status="PASS">
          <reporter-output>
          </reporter-output>
        </test-method> <!-- check -->
      </class> <!-- functions.checking -->
    </test> <!-- Default test -->
  </suite> <!-- Default suite -->
</testng-results>
