<?xml version="1.0" encoding="UTF-8"?>
<testng-results ignored="0" total="3" passed="3" failed="0" skipped="0">
  <reporter-output>
  </reporter-output>
  <suite started-at="2023-03-25T14:17:57 IST" name="Suite" finished-at="2023-03-25T14:18:13 IST" duration-ms="15368">
    <groups>
    </groups>
    <test started-at="2023-03-25T14:17:57 IST" name="Test" finished-at="2023-03-25T14:18:13 IST" duration-ms="15368">
      <class name="functions.search1">
        <test-method is-config="true" signature="openapp()[pri:0, instance:functions.search1@290222c1]" started-at="2023-03-25T14:17:57 IST" name="openapp" finished-at="2023-03-25T14:18:03 IST" duration-ms="5935" status="PASS">
          <reporter-output>
          </reporter-output>
        </test-method> <!-- openapp -->
        <test-method signature="search()[pri:0, instance:functions.search1@290222c1]" started-at="2023-03-25T14:18:03 IST" name="search" finished-at="2023-03-25T14:18:11 IST" duration-ms="7257" status="PASS">
          <reporter-output>
          </reporter-output>
        </test-method> <!-- search -->
        <test-method is-config="true" signature="closeapp()[pri:0, instance:functions.search1@290222c1]" started-at="2023-03-25T14:18:11 IST" name="closeapp" finished-at="2023-03-25T14:18:11 IST" duration-ms="222" status="PASS">
          <reporter-output>
          </reporter-output>
        </test-method> <!-- closeapp -->
      </class> <!-- functions.search1 -->
      <class name="functions.checking">
        <test-method is-config="true" signature="openapp()[pri:0, instance:functions.checking@47e2e487]" started-at="2023-03-25T14:17:57 IST" name="openapp" finished-at="2023-03-25T14:18:07 IST" duration-ms="9676" status="PASS">
          <reporter-output>
          </reporter-output>
        </test-method> <!-- openapp -->
        <test-method signature="check()[pri:0, instance:functions.checking@47e2e487]" started-at="2023-03-25T14:18:07 IST" name="check" finished-at="2023-03-25T14:18:12 IST" duration-ms="4898" status="PASS">
          <reporter-output>
          </reporter-output>
        </test-method> <!-- check -->
        <test-method is-config="true" signature="closeapp()[pri:0, instance:functions.checking@47e2e487]" started-at="2023-03-25T14:18:12 IST" name="closeapp" finished-at="2023-03-25T14:18:12 IST" duration-ms="133" status="PASS">
          <reporter-output>
          </reporter-output>
        </test-method> <!-- closeapp -->
      </class> <!-- functions.checking -->
      <class name="functions.Todaydeails">
        <test-method is-config="true" signature="openapp()[pri:0, instance:functions.Todaydeails@201a4587]" started-at="2023-03-25T14:17:57 IST" name="openapp" finished-at="2023-03-25T14:18:05 IST" duration-ms="7590" status="PASS">
          <reporter-output>
          </reporter-output>
        </test-method> <!-- openapp -->
        <test-method signature="dealsoftheday()[pri:0, instance:functions.Todaydeails@201a4587]" started-at="2023-03-25T14:18:05 IST" name="dealsoftheday" finished-at="2023-03-25T14:18:13 IST" duration-ms="7567" status="PASS">
          <reporter-output>
          </reporter-output>
        </test-method> <!-- dealsoftheday -->
        <test-method is-config="true" signature="closeapp()[pri:0, instance:functions.Todaydeails@201a4587]" started-at="2023-03-25T14:18:13 IST" name="closeapp" finished-at="2023-03-25T14:18:13 IST" duration-ms="172" status="PASS">
          <reporter-output>
          </reporter-output>
        </test-method> <!-- closeapp -->
      </class> <!-- functions.Todaydeails -->
    </test> <!-- Test -->
  </suite> <!-- Suite -->
</testng-results>
